Сборка начата 16.09.2021 20:12:34.
     1>Проект "C:\Demonstration_english\БиоНейроАвтограф_2_0\bnc32FP\bnc32.vcxproj" в узле 2 (целевые объекты Build).
     1>ClCompile:
         C:\Program Files (x86)\Microsoft Visual Studio 12.0\VC\bin\CL.exe /c /Zi /nologo /W3 /WX- /O2 /Oy- /GL /D WIN32 /D NDEBUG /D _WINDOWS /D _USRDLL /D BNC32_EXPORTS /D _WINDLL /D _UNICODE /D UNICODE /Gm- /EHsc /MD /GS /fp:precise /Zc:wchar_t /Zc:forScope /Fo"Release\\" /Fd"Release\vc120.pdb" /Gd /TP /analyze- /errorReport:prompt ConversionSFN.cpp NetSimulation.cpp NetTesting.cpp NetTraining.cpp bnc32.cpp ncmath.cpp
         ConversionSFN.cpp
         NetSimulation.cpp
         NetTesting.cpp
         NetTraining.cpp
         bnc32.cpp
     1>bnc32.cpp(141): warning C4996: 'sprintf': This function or variable may be unsafe. Consider using sprintf_s instead. To disable deprecation, use _CRT_SECURE_NO_WARNINGS. See online help for details.
                 C:\Program Files (x86)\Microsoft Visual Studio 12.0\VC\include\stdio.h(356): см. объявление "sprintf"
         ncmath.cpp
       Link:
         C:\Program Files (x86)\Microsoft Visual Studio 12.0\VC\bin\link.exe /ERRORREPORT:PROMPT /OUT:"C:\Demonstration_english\БиоНейроАвтограф_2_0\Release\bnc32.dll" /INCREMENTAL:NO /NOLOGO kernel32.lib user32.lib gdi32.lib winspool.lib comdlg32.lib advapi32.lib shell32.lib ole32.lib oleaut32.lib uuid.lib odbc32.lib odbccp32.lib /MANIFEST /MANIFESTUAC:"level='asInvoker' uiAccess='false'" /manifest:embed /DEBUG /PDB:"C:\Demonstration_english\БиоНейроАвтограф_2_0\Release\bnc32.pdb" /SUBSYSTEM:WINDOWS /OPT:REF /OPT:ICF /LTCG /TLBID:1 /DYNAMICBASE:NO /IMPLIB:"C:\Demonstration_english\БиоНейроАвтограф_2_0\Release\bnc32.lib" /MACHINE:X86 /SAFESEH /DLL Release\bnc32.obj
         Release\ConversionSFN.obj
         Release\ncmath.obj
         Release\NetSimulation.obj
         Release\NetTesting.obj
         Release\NetTraining.obj
         Release\stdafx.obj
            Создается библиотека C:\Demonstration_english\БиоНейроАвтограф_2_0\Release\bnc32.lib и объект C:\Demonstration_english\БиоНейроАвтограф_2_0\Release\bnc32.exp
         Создание кода
         Создание кода завершено
         bnc32.vcxproj -> C:\Demonstration_english\БиоНейроАвтограф_2_0\Release\bnc32.dll
     1>Сборка проекта "C:\Demonstration_english\БиоНейроАвтограф_2_0\bnc32FP\bnc32.vcxproj" завершена (целевые объекты Build).

Сборка успешно завершена.

Затраченное время: 00:00:02.87
